error: expected one of `.`, `;`, `?`, `}`, or an operator, found `let`
   --> <stdin>:128:5
    |
126 |     })
    |       - help: a semicolon may be missing here
127 | 
128 |     let pb = dir.into_path();
    |     ^^^

error: incorrect close delimiter: `)`
   --> <stdin>:129:47
    |
129 |     info!({"Path is {}", pb.as_path().to_str());
    |          --                                   ^ incorrect close delimiter
    |          ||
    |          |un-closed delimiter
    |          close delimiter possibly meant for this

error: expected one of `.`, `;`, `?`, `}`, or an operator, found `let`
   --> <stdin>:128:5
    |
126 |     })
    |       - help: a semicolon may be missing here
127 | 
128 |     let pb = dir.into_path();
    |     ^^^

error: expected one of `.`, `;`, `?`, `}`, or an operator, found `let`
   --> <stdin>:128:5
    |
126 |     })
    |       - help: a semicolon may be missing here
127 | 
128 |     let pb = dir.into_path();
    |     ^^^

error: expected one of `.`, `;`, `?`, `}`, or an operator, found `let`
   --> <stdin>:128:5
    |
126 |     })
    |       - help: a semicolon may be missing here
127 | 
128 |     let pb = dir.into_path();
    |     ^^^

[2019-11-15T14:27:49Z ERROR rls::actions::hover] racer_def: racer panicked
thread 'request-worker-12' panicked at 'byte index 2793 is not a char boundary; it is inside 'â‰¤' (bytes 2792..2795) of `#[macro_use]
extern crate log;
extern crate env_logger;
extern crate scoped_threadpool;
extern crate tempfile;

use log::{debug, error, info};
use scoped_threadpool::Pool;
use std::fs::File;
use std::io::{Error, ErrorKind, Result};
use std::path::Path;
use`[...]', src/libcore/str/mod.rs:2068:5
note: run with `RUST_BACKTRACE=1` environment variable to display a backtrace.
error: expected one of `.`, `;`, `?`, or an operator, found `let`
  --> <stdin>:90:5
   |
89 |     let d = dir.into_path()
   |                            - help: a semicolon may be missing here
90 |     let pb = d.to_str().unwrap();
   |     ^^^

error: expected one of `->`, `where`, or `{`, found `fn`
 --> <stdin>:3:1
  |
1 | impl Dummy { fn fetch()
  |                        - expected one of `->`, `where`, or `{` here
2 | 
3 | fn nightscrape(url: &str) { unimplemented!() } }
  | ^^ unexpected token

[2019-11-15T17:04:20Z ERROR rls::actions::hover] format_method: error: Failed, input: "impl Dummy { fn fetch()\n\nfn nightscrape(url: &str) { unimplemented!() } }"
error: expected one of `.`, `;`, `?`, `}`, or an operator, found `fetch`
   --> <stdin>:124:5
    |
123 |     })    
    |       - expected one of `.`, `;`, `?`, `}`, or an operator here
124 |     fetch(pool);
    |     ^^^^^ unexpected token

